challenge/mpsp - Copia/build/app/intermediates/manifest_merge_blame_file/debug/manifest-merger-blame-debug-report.txt
1<?xml version="1.0" encoding="utf-8"?>
2<manifest xmlns:android="http://schemas.android.com/apk/res/android"
3    package="com.example.mpsp"
4    android:versionCode="1"
5    android:versionName="1.0.0" >
6
7    <uses-sdk
8        android:minSdkVersion="16"
9        android:targetSdkVersion="28" />
10    <!--
11         Flutter needs it to communicate with the running application
12         to allow setting breakpoints, to provide hot reload, etc.
13    -->
14    <uses-permission android:name="android.permission.INTERNET" />
14-->src\debug\AndroidManifest.xml:6:5-66
14-->src\debug\AndroidManifest.xml:6:22-64
15    <!-- Include required permissions for Google Maps API to run. -->
16    <uses-permission android:name="android.permission.ACCESS_NETWORK_STATE" />
16-->[com.google.android.gms:play-services-maps:17.0.0] AndroidManifest.xml:23:5-79
16-->[com.google.android.gms:play-services-maps:17.0.0] AndroidManifest.xml:23:22-76
17
18    <uses-feature
18-->[com.google.android.gms:play-services-maps:17.0.0] AndroidManifest.xml:26:5-28:35
19        android:glEsVersion="0x00020000"
19-->[com.google.android.gms:play-services-maps:17.0.0] AndroidManifest.xml:27:9-41
20        android:required="true" />
20-->[com.google.android.gms:play-services-maps:17.0.0] AndroidManifest.xml:28:9-32
21
22    <uses-permission android:name="android.permission.WAKE_LOCK" /> <!-- Required by older versions of Google Play services to create IID tokens -->
22-->[com.google.firebase:firebase-iid:20.0.2] AndroidManifest.xml:24:5-68
22-->[com.google.firebase:firebase-iid:20.0.2] AndroidManifest.xml:24:22-65
23    <uses-permission android:name="com.google.android.c2dm.permission.RECEIVE" /> <!-- Permissions to be used when using these features -->
23-->[com.google.firebase:firebase-iid:20.0.2] AndroidManifest.xml:26:5-82
23-->[com.google.firebase:firebase-iid:20.0.2] AndroidManifest.xml:26:22-79
24    <uses-permission android:name="android.permission.CAMERA" />
24-->[io.kommunicate.sdk:kommunicate:2.0.5] AndroidManifest.xml:13:5-15:30
24-->[io.kommunicate.sdk:kommunicate:2.0.5] AndroidManifest.xml:14:9-49
25    <uses-permission android:name="android.permission.WRITE_EXTERNAL_STORAGE" />
25-->[io.kommunicate.sdk:kommunicate:2.0.5] AndroidManifest.xml:16:5-18:30
25-->[io.kommunicate.sdk:kommunicate:2.0.5] AndroidManifest.xml:17:9-65
26    <uses-permission android:name="android.permission.READ_EXTERNAL_STORAGE" />
26-->[io.kommunicate.sdk:kommunicate:2.0.5] AndroidManifest.xml:19:5-21:30
26-->[io.kommunicate.sdk:kommunicate:2.0.5] AndroidManifest.xml:20:9-64
27    <uses-permission android:name="android.permission.RECORD_AUDIO" /> <!-- Mandatory permissions -->
27-->[io.kommunicate.sdk:kommunicate:2.0.5] AndroidManifest.xml:22:5-24:30
27-->[io.kommunicate.sdk:kommunicate:2.0.5] AndroidManifest.xml:23:9-55
28    <uses-permission android:name="android.permission.VIBRATE" />
28-->[io.kommunicate.sdk:kommunicate:2.0.5] AndroidManifest.xml:27:5-29:30
28-->[io.kommunicate.sdk:kommunicate:2.0.5] AndroidManifest.xml:28:9-50
29    <uses-permission android:name="android.permission.ACCESS_COARSE_LOCATION" />
29-->[io.kommunicate.sdk:kommunicate:2.0.5] AndroidManifest.xml:30:5-32:30
29-->[io.kommunicate.sdk:kommunicate:2.0.5] AndroidManifest.xml:31:9-65
30    <uses-permission android:name="android.permission.ACCESS_FINE_LOCATION" />
30-->[io.kommunicate.sdk:kommunicate:2.0.5] AndroidManifest.xml:33:5-35:30
30-->[io.kommunicate.sdk:kommunicate:2.0.5] AndroidManifest.xml:34:9-63
31    <uses-permission android:name="android.permission.RECEIVE_BOOT_COMPLETED" />
31-->[io.kommunicate.sdk:kommunicate:2.0.5] AndroidManifest.xml:42:5-44:30
31-->[io.kommunicate.sdk:kommunicate:2.0.5] AndroidManifest.xml:43:9-65
32    <!--
33 io.flutter.app.FlutterApplication is an android.app.Application that
34         calls FlutterMain.startInitialization(this); in its onCreate method.
35         In most cases you can leave this as-is, but you if you want to provide
36         additional functionality it is fine to subclass or reimplement
37         FlutterApplication and put your custom class here.
38    -->
39    <application
39-->src\main\AndroidManifest.xml:9:5-48:19
40        android:name="io.flutter.app.FlutterApplication"
40-->src\main\AndroidManifest.xml:11:9-57
41        android:allowBackup="true"
41-->[io.kommunicate.sdk:kommunicateui:2.0.5] AndroidManifest.xml:13:9-35
42        android:appComponentFactory="androidx.core.app.CoreComponentFactory"
42-->[androidx.core:core:1.1.0] AndroidManifest.xml:24:18-86
43        android:debuggable="true"
44        android:icon="@mipmap/ic_launcher"
44-->src\main\AndroidManifest.xml:13:9-43
45        android:label="mpsp"
45-->src\main\AndroidManifest.xml:12:9-29
46        android:supportsRtl="true" >
46-->[io.kommunicate.sdk:kommunicateui:2.0.5] AndroidManifest.xml:15:9-35
47        <activity
47-->src\main\AndroidManifest.xml:14:9-42:20
48            android:name="com.example.mpsp.MainActivity"
48-->src\main\AndroidManifest.xml:15:13-41
49            android:configChanges="orientation|keyboardHidden|keyboard|screenSize|smallestScreenSize|locale|layoutDirection|fontScale|screenLayout|density|uiMode"
49-->src\main\AndroidManifest.xml:18:13-163
50            android:hardwareAccelerated="true"
50-->src\main\AndroidManifest.xml:19:13-47
51            android:launchMode="singleTop"
51-->src\main\AndroidManifest.xml:16:13-43
52            android:theme="@style/LaunchTheme"
52-->src\main\AndroidManifest.xml:17:13-47
53            android:windowSoftInputMode="adjustResize" >
53-->src\main\AndroidManifest.xml:20:13-55
54
55            <!--
56                 Specifies an Android theme to apply to this Activity as soon as
57                 the Android process has started. This theme is visible to the user
58                 while the Flutter UI initializes. After that, this theme continues
59                 to determine the Window background behind the Flutter UI.
60            -->
61            <meta-data
61-->src\main\AndroidManifest.xml:25:13-28:17
62                android:name="io.flutter.embedding.android.NormalTheme"
62-->src\main\AndroidManifest.xml:26:15-70
63                android:resource="@style/NormalTheme" />
63-->src\main\AndroidManifest.xml:27:15-52
64            <!--
65                 Displays an Android View that continues showing the launch screen
66                 Drawable until Flutter paints its first frame, then this splash
67                 screen fades out. A splash screen is useful to avoid any visual
68                 gap between the end of Android's launch screen and the painting of
69                 Flutter's first frame.
70            -->
71            <meta-data
71-->src\main\AndroidManifest.xml:34:13-37:17
72                android:name="io.flutter.embedding.android.SplashScreenDrawable"
72-->src\main\AndroidManifest.xml:35:15-79
73                android:resource="@drawable/launch_background" />
73-->src\main\AndroidManifest.xml:36:15-61
74
75            <intent-filter>
75-->src\main\AndroidManifest.xml:38:13-41:29
76                <action android:name="android.intent.action.MAIN" />
76-->src\main\AndroidManifest.xml:39:17-68
76-->src\main\AndroidManifest.xml:39:25-66
77
78                <category android:name="android.intent.category.LAUNCHER" />
78-->src\main\AndroidManifest.xml:40:17-76
78-->src\main\AndroidManifest.xml:40:27-74
79            </intent-filter>
80        </activity>
81        <!--
82             Don't delete the meta-data below.
83             This is used by the Flutter tool to generate GeneratedPluginRegistrant.java
84        -->
85        <meta-data
85-->src\main\AndroidManifest.xml:45:9-47:33
86            android:name="flutterEmbedding"
86-->src\main\AndroidManifest.xml:46:13-44
87            android:value="2" />
87-->src\main\AndroidManifest.xml:47:13-30
88
89        <activity
89-->[:url_launcher] AndroidManifest.xml:8:9-11:74
90            android:name="io.flutter.plugins.urllauncher.UrlLauncherPlugin$WebViewActivity"
90-->[:url_launcher] AndroidManifest.xml:9:13-92
91            android:exported="false"
91-->[:url_launcher] AndroidManifest.xml:10:13-37
92            android:theme="@android:style/Theme.NoTitleBar.Fullscreen" />
92-->[:url_launcher] AndroidManifest.xml:11:13-71
93
94        <provider
94-->[io.kommunicate.sdk:kommunicateui:2.0.5] AndroidManifest.xml:16:9-25:20
95            android:name="com.applozic.mobicomkit.uiwidgets.ALFileProvider"
95-->[io.kommunicate.sdk:kommunicateui:2.0.5] AndroidManifest.xml:17:13-76
96            android:authorities="com.example.mpsp.provider"
96-->[io.kommunicate.sdk:kommunicateui:2.0.5] AndroidManifest.xml:18:13-60
97            android:exported="false"
97-->[io.kommunicate.sdk:kommunicateui:2.0.5] AndroidManifest.xml:19:13-37
98            android:grantUriPermissions="true" >
98-->[io.kommunicate.sdk:kommunicateui:2.0.5] AndroidManifest.xml:20:13-47
99            <meta-data
99-->[io.kommunicate.sdk:kommunicateui:2.0.5] AndroidManifest.xml:22:13-24:67
100                android:name="android.support.FILE_PROVIDER_PATHS"
100-->[io.kommunicate.sdk:kommunicateui:2.0.5] AndroidManifest.xml:23:17-67
101                android:resource="@xml/applozic_provider_paths" />
101-->[io.kommunicate.sdk:kommunicateui:2.0.5] AndroidManifest.xml:24:17-64
102        </provider>
103
104        <service
104-->[io.kommunicate.sdk:kommunicateui:2.0.5] AndroidManifest.xml:27:9-33:19
105            android:name="com.applozic.mobicomkit.uiwidgets.KmFirebaseMessagingService"
105-->[io.kommunicate.sdk:kommunicateui:2.0.5] AndroidManifest.xml:28:13-88
106            android:stopWithTask="false" >
106-->[io.kommunicate.sdk:kommunicateui:2.0.5] AndroidManifest.xml:29:13-41
107            <intent-filter>
107-->[io.kommunicate.sdk:kommunicateui:2.0.5] AndroidManifest.xml:30:13-32:29
108                <action android:name="com.google.firebase.MESSAGING_EVENT" />
108-->[io.kommunicate.sdk:kommunicateui:2.0.5] AndroidManifest.xml:31:17-78
108-->[io.kommunicate.sdk:kommunicateui:2.0.5] AndroidManifest.xml:31:25-75
109            </intent-filter>
110        </service>
111
112        <activity
112-->[io.kommunicate.sdk:kommunicateui:2.0.5] AndroidManifest.xml:35:9-41:34
113            android:name="com.applozic.mobicomkit.uiwidgets.conversation.activity.ConversationActivity"
113-->[io.kommunicate.sdk:kommunicateui:2.0.5] AndroidManifest.xml:36:13-104
114            android:configChanges="keyboardHidden|screenSize|locale|smallestScreenSize|screenLayout|orientation"
114-->[io.kommunicate.sdk:kommunicateui:2.0.5] AndroidManifest.xml:37:13-113
115            android:label="@string/app_name"
115-->[io.kommunicate.sdk:kommunicateui:2.0.5] AndroidManifest.xml:38:13-45
116            android:launchMode="singleTask"
116-->[io.kommunicate.sdk:kommunicateui:2.0.5] AndroidManifest.xml:39:13-44
117            android:theme="@style/ApplozicTheme" />
117-->[io.kommunicate.sdk:kommunicateui:2.0.5] AndroidManifest.xml:40:13-49
118        <activity
118-->[io.kommunicate.sdk:kommunicateui:2.0.5] AndroidManifest.xml:42:9-47:52
119            android:name="com.applozic.mobicomkit.uiwidgets.conversation.activity.ChannelNameActivity"
119-->[io.kommunicate.sdk:kommunicateui:2.0.5] AndroidManifest.xml:43:13-103
120            android:configChanges="keyboardHidden|screenSize|smallestScreenSize|screenLayout|orientation"
120-->[io.kommunicate.sdk:kommunicateui:2.0.5] AndroidManifest.xml:44:13-106
121            android:launchMode="singleTop"
121-->[io.kommunicate.sdk:kommunicateui:2.0.5] AndroidManifest.xml:45:13-43
122            android:parentActivityName="com.applozic.mobicomkit.uiwidgets.conversation.activity.ConversationActivity"
122-->[io.kommunicate.sdk:kommunicateui:2.0.5] AndroidManifest.xml:46:13-118
123            android:theme="@style/ApplozicTheme" />
123-->[io.kommunicate.sdk:kommunicateui:2.0.5] AndroidManifest.xml:47:13-49
124        <activity
124-->[io.kommunicate.sdk:kommunicateui:2.0.5] AndroidManifest.xml:48:9-57:20
125            android:name="com.applozic.mobicomkit.uiwidgets.conversation.activity.ChannelInfoActivity"
125-->[io.kommunicate.sdk:kommunicateui:2.0.5] AndroidManifest.xml:49:13-103
126            android:configChanges="keyboardHidden|screenSize|smallestScreenSize|screenLayout|orientation"
126-->[io.kommunicate.sdk:kommunicateui:2.0.5] AndroidManifest.xml:50:13-106
127            android:launchMode="singleTop"
127-->[io.kommunicate.sdk:kommunicateui:2.0.5] AndroidManifest.xml:51:13-43
128            android:parentActivityName="com.applozic.mobicomkit.uiwidgets.conversation.activity.ConversationActivity"
128-->[io.kommunicate.sdk:kommunicateui:2.0.5] AndroidManifest.xml:52:13-118
129            android:theme="@style/ApplozicTheme" >
129-->[io.kommunicate.sdk:kommunicateui:2.0.5] AndroidManifest.xml:53:13-49
130            <meta-data
130-->[io.kommunicate.sdk:kommunicateui:2.0.5] AndroidManifest.xml:54:13-56:112
131                android:name="android.support.PARENT_ACTIVITY"
131-->[io.kommunicate.sdk:kommunicateui:2.0.5] AndroidManifest.xml:55:17-63
132                android:value="com.applozic.mobicomkit.uiwidgets.conversation.activity.ConversationActivity" />
132-->[io.kommunicate.sdk:kommunicateui:2.0.5] AndroidManifest.xml:56:17-109
133        </activity>
134        <activity
134-->[io.kommunicate.sdk:kommunicateui:2.0.5] AndroidManifest.xml:58:9-63:58
135            android:name="com.applozic.mobicomkit.uiwidgets.conversation.activity.MobicomLocationActivity"
135-->[io.kommunicate.sdk:kommunicateui:2.0.5] AndroidManifest.xml:59:13-107
136            android:configChanges="keyboardHidden|screenSize|smallestScreenSize|screenLayout|orientation"
136-->[io.kommunicate.sdk:kommunicateui:2.0.5] AndroidManifest.xml:60:13-106
137            android:parentActivityName="com.applozic.mobicomkit.uiwidgets.conversation.activity.ConversationActivity"
137-->[io.kommunicate.sdk:kommunicateui:2.0.5] AndroidManifest.xml:61:13-118
138            android:theme="@style/ApplozicTheme"
138-->[io.kommunicate.sdk:kommunicateui:2.0.5] AndroidManifest.xml:62:13-49
139            android:windowSoftInputMode="adjustResize" />
139-->[io.kommunicate.sdk:kommunicateui:2.0.5] AndroidManifest.xml:63:13-55
140        <activity
140-->[io.kommunicate.sdk:kommunicateui:2.0.5] AndroidManifest.xml:64:9-74:20
141            android:name="com.applozic.mobicomkit.uiwidgets.conversation.activity.ContactSelectionActivity"
141-->[io.kommunicate.sdk:kommunicateui:2.0.5] AndroidManifest.xml:65:13-108
142            android:configChanges="keyboardHidden|screenSize|smallestScreenSize|screenLayout|orientation"
142-->[io.kommunicate.sdk:kommunicateui:2.0.5] AndroidManifest.xml:66:13-106
143            android:launchMode="singleTop"
143-->[io.kommunicate.sdk:kommunicateui:2.0.5] AndroidManifest.xml:67:13-43
144            android:parentActivityName="com.applozic.mobicomkit.uiwidgets.conversation.activity.ConversationActivity"
144-->[io.kommunicate.sdk:kommunicateui:2.0.5] AndroidManifest.xml:68:13-118
145            android:theme="@style/ApplozicTheme" >
145-->[io.kommunicate.sdk:kommunicateui:2.0.5] AndroidManifest.xml:69:13-49
146            <meta-data
146-->[io.kommunicate.sdk:kommunicateui:2.0.5] AndroidManifest.xml:54:13-56:112
147                android:name="android.support.PARENT_ACTIVITY"
147-->[io.kommunicate.sdk:kommunicateui:2.0.5] AndroidManifest.xml:55:17-63
148                android:value="com.applozic.mobicomkit.uiwidgets.conversation.activity.ConversationActivity" />
148-->[io.kommunicate.sdk:kommunicateui:2.0.5] AndroidManifest.xml:56:17-109
149        </activity>
150        <activity
150-->[io.kommunicate.sdk:kommunicateui:2.0.5] AndroidManifest.xml:75:9-85:20
151            android:name="com.applozic.mobicomkit.uiwidgets.conversation.activity.ChannelCreateActivity"
151-->[io.kommunicate.sdk:kommunicateui:2.0.5] AndroidManifest.xml:76:13-105
152            android:configChanges="keyboardHidden|screenSize|smallestScreenSize|screenLayout|orientation"
152-->[io.kommunicate.sdk:kommunicateui:2.0.5] AndroidManifest.xml:77:13-106
153            android:launchMode="singleTop"
153-->[io.kommunicate.sdk:kommunicateui:2.0.5] AndroidManifest.xml:78:13-43
154            android:parentActivityName="com.applozic.mobicomkit.uiwidgets.conversation.activity.ConversationActivity"
154-->[io.kommunicate.sdk:kommunicateui:2.0.5] AndroidManifest.xml:79:13-118
155            android:theme="@style/ApplozicTheme" >
155-->[io.kommunicate.sdk:kommunicateui:2.0.5] AndroidManifest.xml:80:13-49
156            <meta-data
156-->[io.kommunicate.sdk:kommunicateui:2.0.5] AndroidManifest.xml:54:13-56:112
157                android:name="android.support.PARENT_ACTIVITY"
157-->[io.kommunicate.sdk:kommunicateui:2.0.5] AndroidManifest.xml:55:17-63
158                android:value="com.applozic.mobicomkit.uiwidgets.conversation.activity.ConversationActivity" />
158-->[io.kommunicate.sdk:kommunicateui:2.0.5] AndroidManifest.xml:56:17-109
159        </activity>
160        <activity
160-->[io.kommunicate.sdk:kommunicateui:2.0.5] AndroidManifest.xml:86:9-98:20
161            android:name="com.applozic.mobicomkit.uiwidgets.conversation.activity.FullScreenImageActivity"
161-->[io.kommunicate.sdk:kommunicateui:2.0.5] AndroidManifest.xml:87:13-107
162            android:configChanges="keyboardHidden|orientation|screenSize"
162-->[io.kommunicate.sdk:kommunicateui:2.0.5] AndroidManifest.xml:88:13-74
163            android:label="Image"
163-->[io.kommunicate.sdk:kommunicateui:2.0.5] AndroidManifest.xml:89:13-34
164            android:parentActivityName="com.applozic.mobicomkit.uiwidgets.conversation.activity.ConversationActivity"
164-->[io.kommunicate.sdk:kommunicateui:2.0.5] AndroidManifest.xml:90:13-118
165            android:theme="@style/Applozic_FullScreen_Theme" >
165-->[io.kommunicate.sdk:kommunicateui:2.0.5] AndroidManifest.xml:91:13-61
166
167            <!-- Parent activity meta-data to support API level 7+ -->
168            <meta-data
168-->[io.kommunicate.sdk:kommunicateui:2.0.5] AndroidManifest.xml:54:13-56:112
169                android:name="android.support.PARENT_ACTIVITY"
169-->[io.kommunicate.sdk:kommunicateui:2.0.5] AndroidManifest.xml:55:17-63
170                android:value="com.applozic.mobicomkit.uiwidgets.conversation.activity.ConversationActivity" />
170-->[io.kommunicate.sdk:kommunicateui:2.0.5] AndroidManifest.xml:56:17-109
171        </activity>
172        <activity
172-->[io.kommunicate.sdk:kommunicateui:2.0.5] AndroidManifest.xml:99:9-106:34
173            android:name="com.applozic.mobicomkit.uiwidgets.conversation.richmessaging.webview.AlWebViewActivity"
173-->[io.kommunicate.sdk:kommunicateui:2.0.5] AndroidManifest.xml:100:13-114
174            android:configChanges="keyboardHidden|orientation|screenSize"
174-->[io.kommunicate.sdk:kommunicateui:2.0.5] AndroidManifest.xml:101:13-74
175            android:label="Image"
175-->[io.kommunicate.sdk:kommunicateui:2.0.5] AndroidManifest.xml:102:13-34
176            android:launchMode="singleTop"
176-->[io.kommunicate.sdk:kommunicateui:2.0.5] AndroidManifest.xml:103:13-43
177            android:parentActivityName="com.applozic.mobicomkit.uiwidgets.conversation.activity.ConversationActivity"
177-->[io.kommunicate.sdk:kommunicateui:2.0.5] AndroidManifest.xml:104:13-118
178            android:theme="@style/ApplozicTheme" />
178-->[io.kommunicate.sdk:kommunicateui:2.0.5] AndroidManifest.xml:105:13-49
179        <activity
179-->[io.kommunicate.sdk:kommunicateui:2.0.5] AndroidManifest.xml:107:9-122:20
180            android:name="com.applozic.mobicomkit.uiwidgets.people.activity.MobiComKitPeopleActivity"
180-->[io.kommunicate.sdk:kommunicateui:2.0.5] AndroidManifest.xml:108:13-102
181            android:configChanges="keyboardHidden|screenSize|smallestScreenSize|screenLayout|orientation"
181-->[io.kommunicate.sdk:kommunicateui:2.0.5] AndroidManifest.xml:109:13-106
182            android:label="@string/app_name"
182-->[io.kommunicate.sdk:kommunicateui:2.0.5] AndroidManifest.xml:110:13-45
183            android:parentActivityName="com.applozic.mobicomkit.uiwidgets.conversation.activity.ConversationActivity"
183-->[io.kommunicate.sdk:kommunicateui:2.0.5] AndroidManifest.xml:111:13-118
184            android:theme="@style/ApplozicTheme"
184-->[io.kommunicate.sdk:kommunicateui:2.0.5] AndroidManifest.xml:112:13-49
185            android:windowSoftInputMode="adjustResize" >
185-->[io.kommunicate.sdk:kommunicateui:2.0.5] AndroidManifest.xml:113:13-55
186
187            <!-- Parent activity meta-data to support API level 7+ -->
188            <meta-data
188-->[io.kommunicate.sdk:kommunicateui:2.0.5] AndroidManifest.xml:54:13-56:112
189                android:name="android.support.PARENT_ACTIVITY"
189-->[io.kommunicate.sdk:kommunicateui:2.0.5] AndroidManifest.xml:55:17-63
190                android:value="com.applozic.mobicomkit.uiwidgets.conversation.activity.ConversationActivity" />
190-->[io.kommunicate.sdk:kommunicateui:2.0.5] AndroidManifest.xml:56:17-109
191            <meta-data
191-->[io.kommunicate.sdk:kommunicateui:2.0.5] AndroidManifest.xml:119:13-121:63
192                android:name="android.app.searchable"
192-->[io.kommunicate.sdk:kommunicateui:2.0.5] AndroidManifest.xml:120:17-54
193                android:resource="@xml/searchable_contacts" />
193-->[io.kommunicate.sdk:kommunicateui:2.0.5] AndroidManifest.xml:121:17-60
194        </activity>
195        <activity
195-->[io.kommunicate.sdk:kommunicateui:2.0.5] AndroidManifest.xml:123:9-127:34
196            android:name="com.applozic.mobicomkit.uiwidgets.kommunicate.activities.LeadCollectionActivity"
196-->[io.kommunicate.sdk:kommunicateui:2.0.5] AndroidManifest.xml:124:13-107
197            android:configChanges="keyboardHidden|orientation|screenSize"
197-->[io.kommunicate.sdk:kommunicateui:2.0.5] AndroidManifest.xml:125:13-74
198            android:theme="@style/ApplozicTheme" />
198-->[io.kommunicate.sdk:kommunicateui:2.0.5] AndroidManifest.xml:126:13-49
199        <activity
199-->[io.kommunicate.sdk:kommunicateui:2.0.5] AndroidManifest.xml:128:9-138:20
200            android:name="com.applozic.mobicomkit.uiwidgets.conversation.activity.MobiComAttachmentSelectorActivity"
200-->[io.kommunicate.sdk:kommunicateui:2.0.5] AndroidManifest.xml:129:13-117
201            android:configChanges="keyboardHidden|screenSize|smallestScreenSize|screenLayout|orientation"
201-->[io.kommunicate.sdk:kommunicateui:2.0.5] AndroidManifest.xml:130:13-106
202            android:launchMode="singleTop"
202-->[io.kommunicate.sdk:kommunicateui:2.0.5] AndroidManifest.xml:131:13-43
203            android:parentActivityName="com.applozic.mobicomkit.uiwidgets.conversation.activity.ConversationActivity"
203-->[io.kommunicate.sdk:kommunicateui:2.0.5] AndroidManifest.xml:132:13-118
204            android:theme="@style/ApplozicTheme"
204-->[io.kommunicate.sdk:kommunicateui:2.0.5] AndroidManifest.xml:133:13-49
205            android:windowSoftInputMode="stateHidden|adjustResize" >
205-->[io.kommunicate.sdk:kommunicateui:2.0.5] AndroidManifest.xml:134:13-67
206            <meta-data
206-->[io.kommunicate.sdk:kommunicateui:2.0.5] AndroidManifest.xml:54:13-56:112
207                android:name="android.support.PARENT_ACTIVITY"
207-->[io.kommunicate.sdk:kommunicateui:2.0.5] AndroidManifest.xml:55:17-63
208                android:value="com.applozic.mobicomkit.uiwidgets.conversation.activity.ConversationActivity" />
208-->[io.kommunicate.sdk:kommunicateui:2.0.5] AndroidManifest.xml:56:17-109
209        </activity>
210        <activity
210-->[io.kommunicate.sdk:kommunicateui:2.0.5] AndroidManifest.xml:139:9-142:34
211            android:name="com.theartofdev.edmodo.cropper.CropImageActivity"
211-->[io.kommunicate.sdk:kommunicateui:2.0.5] AndroidManifest.xml:140:13-76
212            android:theme="@style/Base.Theme.AppCompat" /> <!-- Needs to be explicitly declared on P+ -->
212-->[io.kommunicate.sdk:kommunicateui:2.0.5] AndroidManifest.xml:141:13-56
213        <uses-library
213-->[com.google.android.gms:play-services-maps:17.0.0] AndroidManifest.xml:33:9-35:40
214            android:name="org.apache.http.legacy"
214-->[com.google.android.gms:play-services-maps:17.0.0] AndroidManifest.xml:34:13-50
215            android:required="false" />
215-->[com.google.android.gms:play-services-maps:17.0.0] AndroidManifest.xml:35:13-37
216        <!--
217             FirebaseMessagingService performs security checks at runtime,
218             but set to not exported to explicitly avoid allowing another app to call it.
219        -->
220        <service
220-->[com.google.firebase:firebase-messaging:20.1.0] AndroidManifest.xml:28:9-34:19
221            android:name="com.google.firebase.messaging.FirebaseMessagingService"
221-->[com.google.firebase:firebase-messaging:20.1.0] AndroidManifest.xml:29:13-82
222            android:exported="false" >
222-->[com.google.firebase:firebase-messaging:20.1.0] AndroidManifest.xml:30:13-37
223            <intent-filter android:priority="-500" >
223-->[io.kommunicate.sdk:kommunicateui:2.0.5] AndroidManifest.xml:30:13-32:29
224                <action android:name="com.google.firebase.MESSAGING_EVENT" />
224-->[io.kommunicate.sdk:kommunicateui:2.0.5] AndroidManifest.xml:31:17-78
224-->[io.kommunicate.sdk:kommunicateui:2.0.5] AndroidManifest.xml:31:25-75
225            </intent-filter>
226        </service>
227        <service
227-->[com.google.firebase:firebase-messaging:20.1.0] AndroidManifest.xml:35:9-41:19
228            android:name="com.google.firebase.components.ComponentDiscoveryService"
228-->[com.google.firebase:firebase-messaging:20.1.0] AndroidManifest.xml:36:13-84
229            android:directBootAware="true"
229-->[com.google.firebase:firebase-common:19.3.0] AndroidManifest.xml:34:13-43
230            android:exported="false" >
230-->[com.google.firebase:firebase-messaging:20.1.0] AndroidManifest.xml:37:13-37
231            <meta-data
231-->[com.google.firebase:firebase-messaging:20.1.0] AndroidManifest.xml:38:13-40:85
232                android:name="com.google.firebase.components:com.google.firebase.messaging.FirebaseMessagingRegistrar"
232-->[com.google.firebase:firebase-messaging:20.1.0] AndroidManifest.xml:39:17-119
233                android:value="com.google.firebase.components.ComponentRegistrar" />
233-->[com.google.firebase:firebase-messaging:20.1.0] AndroidManifest.xml:40:17-82
234            <meta-data
234-->[com.google.firebase:firebase-datatransport:17.0.3] AndroidManifest.xml:28:13-30:85
235                android:name="com.google.firebase.components:com.google.firebase.datatransport.TransportRegistrar"
235-->[com.google.firebase:firebase-datatransport:17.0.3] AndroidManifest.xml:29:17-115
236                android:value="com.google.firebase.components.ComponentRegistrar" />
236-->[com.google.firebase:firebase-datatransport:17.0.3] AndroidManifest.xml:30:17-82
237            <meta-data
237-->[com.google.firebase:firebase-iid:20.0.2] AndroidManifest.xml:32:13-34:85
238                android:name="com.google.firebase.components:com.google.firebase.iid.Registrar"
238-->[com.google.firebase:firebase-iid:20.0.2] AndroidManifest.xml:33:17-96
239                android:value="com.google.firebase.components.ComponentRegistrar" />
239-->[com.google.firebase:firebase-iid:20.0.2] AndroidManifest.xml:34:17-82
240        </service>
241
242        <receiver
242-->[com.google.firebase:firebase-iid:20.0.2] AndroidManifest.xml:37:9-44:20
243            android:name="com.google.firebase.iid.FirebaseInstanceIdReceiver"
243-->[com.google.firebase:firebase-iid:20.0.2] AndroidManifest.xml:38:13-78
244            android:exported="true"
244-->[com.google.firebase:firebase-iid:20.0.2] AndroidManifest.xml:39:13-36
245            android:permission="com.google.android.c2dm.permission.SEND" >
245-->[com.google.firebase:firebase-iid:20.0.2] AndroidManifest.xml:40:13-73
246            <intent-filter>
246-->[com.google.firebase:firebase-iid:20.0.2] AndroidManifest.xml:41:13-43:29
247                <action android:name="com.google.android.c2dm.intent.RECEIVE" />
247-->[com.google.firebase:firebase-iid:20.0.2] AndroidManifest.xml:42:17-81
247-->[com.google.firebase:firebase-iid:20.0.2] AndroidManifest.xml:42:25-78
248            </intent-filter>
249        </receiver>
250
251        <provider
251-->[com.google.firebase:firebase-common:19.3.0] AndroidManifest.xml:26:9-30:39
252            android:name="com.google.firebase.provider.FirebaseInitProvider"
252-->[com.google.firebase:firebase-common:19.3.0] AndroidManifest.xml:27:13-77
253            android:authorities="com.example.mpsp.firebaseinitprovider"
253-->[com.google.firebase:firebase-common:19.3.0] AndroidManifest.xml:28:13-72
254            android:exported="false"
254-->[com.google.firebase:firebase-common:19.3.0] AndroidManifest.xml:29:13-37
255            android:initOrder="100" />
255-->[com.google.firebase:firebase-common:19.3.0] AndroidManifest.xml:30:13-36
256
257        <activity
257-->[com.google.android.gms:play-services-base:17.0.0] AndroidManifest.xml:23:9-26:75
258            android:name="com.google.android.gms.common.api.GoogleApiActivity"
258-->[com.google.android.gms:play-services-base:17.0.0] AndroidManifest.xml:24:13-79
259            android:exported="false"
259-->[com.google.android.gms:play-services-base:17.0.0] AndroidManifest.xml:25:13-37
260            android:theme="@android:style/Theme.Translucent.NoTitleBar" />
260-->[com.google.android.gms:play-services-base:17.0.0] AndroidManifest.xml:26:13-72
261
262        <meta-data
262-->[com.google.android.gms:play-services-basement:17.0.0] AndroidManifest.xml:23:9-25:69
263            android:name="com.google.android.gms.version"
263-->[com.google.android.gms:play-services-basement:17.0.0] AndroidManifest.xml:24:13-58
264            android:value="@integer/google_play_services_version" />
264-->[com.google.android.gms:play-services-basement:17.0.0] AndroidManifest.xml:25:13-66
265
266        <service